<?xml version="1.0" encoding="UTF-8"?>
<!-- Generated by org.testng.reporters.JUnitReportReporter -->
<testsuite hostname="IN-2KFZ9K3" failures="0" tests="4" name="com.crm.qa.testcases.LoginPageTest" time="36.257" errors="0" timestamp="12 Jan 2023 18:03:43 GMT" skipped="1">
  <testcase classname="com.crm.qa.testcases.LoginPageTest" name="loginTest" time="11.596"/>
  <testcase classname="com.crm.qa.testcases.LoginPageTest" name="loginTest" time="13.922"/>
  <testcase classname="com.crm.qa.testcases.LoginPageTest" name="loginTest" time="10.739"/>
  <testcase classname="com.crm.qa.testcases.LoginPageTest" name="loginPageTitleTest">
    <skipped/>
  </testcase> <!-- loginPageTitleTest -->
</testsuite> <!-- com.crm.qa.testcases.LoginPageTest -->
