<?xml version="1.0" encoding="UTF-8"?>
<!-- Generated by org.testng.reporters.JUnitReportReporter -->
<testsuite hostname="IN-2KFZ9K3" failures="0" tests="2" name="com.crm.qa.testcases.LoginPageTest" time="147.552" errors="0" timestamp="12 Jan 2023 16:29:36 GMT" skipped="0">
  <testcase classname="com.crm.qa.testcases.LoginPageTest" name="loginPageTitleTest" time="38.289"/>
  <testcase classname="com.crm.qa.testcases.LoginPageTest" name="loginTest" time="109.263"/>
</testsuite> <!-- com.crm.qa.testcases.LoginPageTest -->
