<?xml version="1.0" encoding="UTF-8"?>
<!-- Generated by org.testng.reporters.JUnitReportReporter -->
<testsuite hostname="IN-2KFZ9K3" failures="0" tests="2" name="com.crm.qa.testcases.LoginPageTest" time="21.823" errors="0" timestamp="12 Jan 2023 17:17:01 GMT" skipped="0">
  <testcase classname="com.crm.qa.testcases.LoginPageTest" name="loginTest" time="12.405"/>
  <testcase classname="com.crm.qa.testcases.LoginPageTest" name="loginPageTitleTest" time="9.418"/>
</testsuite> <!-- com.crm.qa.testcases.LoginPageTest -->
